Flow report for add
Sun May 19 22:12:34 2024
Quartus II 64-Bit Version 13.0.0 Build 156 04/24/2013 SJ Full Version


---------------------
; Table of Contents ;
---------------------
  1. Legal Notice
  2. Flow Summary
  3. Flow Settings
  4. Flow Non-Default Global Settings
  5. Flow Elapsed Time
  6. Flow OS Summary
  7. Flow Log
  8. Flow Messages
  9. Flow Suppressed Messages



----------------
; Legal Notice ;
----------------
Copyright (C) 1991-2013 Altera Corporation
Your use of Altera Corporation's design tools, logic functions 
and other software and tools, and its AMPP partner logic 
functions, and any output files from any of the foregoing 
(including device programming or simulation files), and any 
associated documentation or information are expressly subject 
to the terms and conditions of the Altera Program License 
Subscription Agreement, Altera MegaCore Function License 
Agreement, or other applicable license agreement, including, 
without limitation, that your use is for the sole purpose of 
programming logic devices manufactured by Altera and sold by 
Altera or its authorized distributors.  Please refer to the 
applicable agreement for further details.



+----------------------------------------------------------------------------------+
; Flow Summary                                                                     ;
+------------------------------------+---------------------------------------------+
; Flow Status                        ; Successful - Sun May 19 22:12:34 2024       ;
; Quartus II 64-Bit Version          ; 13.0.0 Build 156 04/24/2013 SJ Full Version ;
; Revision Name                      ; add                                         ;
; Top-level Entity Name              ; 2_3                                         ;
; Family                             ; Cyclone III                                 ;
; Total logic elements               ; 5 / 5,136 ( < 1 % )                         ;
;     Total combinational functions  ; 5 / 5,136 ( < 1 % )                         ;
;     Dedicated logic registers      ; 0 / 5,136 ( 0 % )                           ;
; Total registers                    ; 0                                           ;
; Total pins                         ; 9 / 183 ( 5 % )                             ;
; Total virtual pins                 ; 0                                           ;
; Total memory bits                  ; 0 / 423,936 ( 0 % )                         ;
; Embedded Multiplier 9-bit elements ; 0 / 46 ( 0 % )                              ;
; Total PLLs                         ; 0 / 2 ( 0 % )                               ;
; Device                             ; EP3C5F256C6                                 ;
; Timing Models                      ; Final                                       ;
+------------------------------------+---------------------------------------------+


+-----------------------------------------+
; Flow Settings                           ;
+-------------------+---------------------+
; Option            ; Setting             ;
+-------------------+---------------------+
; Start date & time ; 05/19/2024 22:12:26 ;
; Main task         ; Compilation         ;
; Revision Name     ; add                 ;
+-------------------+---------------------+


+----------------------------------------------------------------------------------------------------------------------------+
; Flow Non-Default Global Settings                                                                                           ;
+-------------------------------------+---------------------------------------+---------------+-------------+----------------+
; Assignment Name                     ; Value                                 ; Default Value ; Entity Name ; Section Id     ;
+-------------------------------------+---------------------------------------+---------------+-------------+----------------+
; COMPILER_SIGNATURE_ID               ; 5218838294768.171612794647420         ; --            ; --          ; --             ;
; EDA_GENERATE_FUNCTIONAL_NETLIST     ; On                                    ; --            ; --          ; eda_simulation ;
; EDA_OUTPUT_DATA_FORMAT              ; Verilog Hdl                           ; --            ; --          ; eda_simulation ;
; EDA_SIMULATION_TOOL                 ; ModelSim-Altera (Verilog)             ; <None>        ; --          ; --             ;
; IP_TOOL_NAME                        ; LPM_COUNTER                           ; --            ; --          ; --             ;
; IP_TOOL_NAME                        ; ROM: 1-PORT                           ; --            ; --          ; --             ;
; IP_TOOL_VERSION                     ; 13.0                                  ; --            ; --          ; --             ;
; IP_TOOL_VERSION                     ; 13.0                                  ; --            ; --          ; --             ;
; MAX_CORE_JUNCTION_TEMP              ; 85                                    ; --            ; --          ; --             ;
; MIN_CORE_JUNCTION_TEMP              ; 0                                     ; --            ; --          ; --             ;
; MISC_FILE                           ; lpm_counter0.bsf                      ; --            ; --          ; --             ;
; MISC_FILE                           ; lpm_counter0.cmp                      ; --            ; --          ; --             ;
; MISC_FILE                           ; Rom_bb.v                              ; --            ; --          ; --             ;
; PARTITION_COLOR                     ; 16764057                              ; --            ; 2_3         ; Top            ;
; PARTITION_FITTER_PRESERVATION_LEVEL ; PLACEMENT_AND_ROUTING                 ; --            ; 2_3         ; Top            ;
; PARTITION_NETLIST_TYPE              ; SOURCE                                ; --            ; 2_3         ; Top            ;
; POWER_BOARD_THERMAL_MODEL           ; None (CONSERVATIVE)                   ; --            ; --          ; --             ;
; POWER_PRESET_COOLING_SOLUTION       ; 23 MM HEAT SINK WITH 200 LFPM AIRFLOW ; --            ; --          ; --             ;
; PROJECT_OUTPUT_DIRECTORY            ; output_files                          ; --            ; --          ; --             ;
; TOP_LEVEL_ENTITY                    ; 2_3                                   ; add           ; --          ; --             ;
+-------------------------------------+---------------------------------------+---------------+-------------+----------------+


+-------------------------------------------------------------------------------------------------------------------------------+
; Flow Elapsed Time                                                                                                             ;
+---------------------------+--------------+-------------------------+---------------------+------------------------------------+
; Module Name               ; Elapsed Time ; Average Processors Used ; Peak Virtual Memory ; Total CPU Time (on all processors) ;
+---------------------------+--------------+-------------------------+---------------------+------------------------------------+
; Analysis & Synthesis      ; 00:00:01     ; 1.0                     ; 4657 MB             ; 00:00:00                           ;
; Fitter                    ; 00:00:02     ; 5.3                     ; 5761 MB             ; 00:00:01                           ;
; Assembler                 ; 00:00:01     ; 1.0                     ; 4557 MB             ; 00:00:00                           ;
; TimeQuest Timing Analyzer ; 00:00:01     ; 1.0                     ; 4662 MB             ; 00:00:00                           ;
; EDA Netlist Writer        ; 00:00:00     ; 1.0                     ; 4519 MB             ; 00:00:00                           ;
; Total                     ; 00:00:05     ; --                      ; --                  ; 00:00:01                           ;
+---------------------------+--------------+-------------------------+---------------------+------------------------------------+


+----------------------------------------------------------------------------------------+
; Flow OS Summary                                                                        ;
+---------------------------+------------------+-----------+------------+----------------+
; Module Name               ; Machine Hostname ; OS Name   ; OS Version ; Processor type ;
+---------------------------+------------------+-----------+------------+----------------+
; Analysis & Synthesis      ; wushen           ; Windows 7 ; 6.2        ; x86_64         ;
; Fitter                    ; wushen           ; Windows 7 ; 6.2        ; x86_64         ;
; Assembler                 ; wushen           ; Windows 7 ; 6.2        ; x86_64         ;
; TimeQuest Timing Analyzer ; wushen           ; Windows 7 ; 6.2        ; x86_64         ;
; EDA Netlist Writer        ; wushen           ; Windows 7 ; 6.2        ; x86_64         ;
+---------------------------+------------------+-----------+------------+----------------+


------------
; Flow Log ;
------------
quartus_map --read_settings_files=on --write_settings_files=off add -c add
quartus_fit --read_settings_files=off --write_settings_files=off add -c add
quartus_asm --read_settings_files=off --write_settings_files=off add -c add
quartus_sta add -c add
quartus_eda --read_settings_files=off --write_settings_files=off add -c add



